Running: D:\Softwares\Xilinx\Xilinx\14.7\ISE_DS\ISE\bin\nt\unwrapped\fuse.exe -intstyle ise -incremental -lib unisims_ver -lib unimacro_ver -lib xilinxcorelib_ver -o C:/Documents/lab_endsem/test_fsm1_isim_beh.exe -prj C:/Documents/lab_endsem/test_fsm1_beh.prj work.test_fsm1 work.glbl 
ISim P.20131013 (signature 0x8ef4fb42)
Number of CPUs detected in this system: 4
Turning on mult-threading, number of parallel sub-compilation jobs: 8 
Determining compilation order of HDL files
Analyzing Verilog file "C:/Documents/lab_endsem/fsm1.v" into library work
Analyzing Verilog file "C:/Documents/lab_endsem/test_fsm1.v" into library work
Analyzing Verilog file "D:/Softwares/Xilinx/Xilinx/14.7/ISE_DS/ISE//verilog/src/glbl.v" into library work
Starting static elaboration
Completed static elaboration
Fuse Memory Usage: 162412 KB
Fuse CPU Usage: 280 ms
Compiling module fsm1
Compiling module test_fsm1
Compiling module glbl
Time Resolution for simulation is 1ps.
Waiting for 1 sub-compilation(s) to finish...
Compiled 3 Verilog Units
Built simulation executable C:/Documents/lab_endsem/test_fsm1_isim_beh.exe
Fuse Memory Usage: 166860 KB
Fuse CPU Usage: 327 ms
